<?xml version="1.0" encoding="UTF-8"?>
<testng-results ignored="0" total="1" passed="1" failed="0" skipped="0">
  <reporter-output>
  </reporter-output>
  <suite started-at="2025-06-01T12:54:25 IST" name="Default suite" finished-at="2025-06-01T12:56:07 IST" duration-ms="102409">
    <groups>
    </groups>
    <test started-at="2025-06-01T12:54:25 IST" name="Default test" finished-at="2025-06-01T12:56:07 IST" duration-ms="102409">
      <class name="script.EndToEndFormTest">
        <test-method is-config="true" signature="initReport()[pri:0, instance:script.EndToEndFormTest@8f4ea7c]" started-at="2025-06-01T12:54:24 IST" name="initReport" finished-at="2025-06-01T12:54:25 IST" duration-ms="546" status="PASS">
          <reporter-output>
          </reporter-output>
        </test-method> <!-- initReport -->
        <test-method is-config="true" signature="preCondition(java.lang.reflect.Method,java.lang.String)[pri:0, instance:script.EndToEndFormTest@8f4ea7c]" started-at="2025-06-01T12:54:25 IST" name="preCondition" finished-at="2025-06-01T12:54:31 IST" duration-ms="5823" status="PASS">
          <params>
            <param index="0">
              <value>
                <![CDATA[public void script.EndToEndFormTest.testValidLoginAndCompleteForm() throws java.lang.InterruptedException]]>
              </value>
            </param>
            <param index="1">
              <value>
                <![CDATA[./config.properties]]>
              </value>
            </param>
          </params>
          <reporter-output>
          </reporter-output>
        </test-method> <!-- preCondition -->
        <test-method signature="testValidLoginAndCompleteForm()[pri:1, instance:script.EndToEndFormTest@8f4ea7c]" started-at="2025-06-01T12:54:31 IST" name="testValidLoginAndCompleteForm" finished-at="2025-06-01T12:56:06 IST" duration-ms="95733" status="PASS">
          <reporter-output>
          </reporter-output>
        </test-method> <!-- testValidLoginAndCompleteForm -->
        <test-method is-config="true" signature="postCondition(org.testng.ITestResult)[pri:0, instance:script.EndToEndFormTest@8f4ea7c]" started-at="2025-06-01T12:56:06 IST" name="postCondition" finished-at="2025-06-01T12:56:07 IST" duration-ms="802" status="PASS">
          <params>
            <param index="0">
              <value>
                <![CDATA[[TestResult name=testValidLoginAndCompleteForm status=SUCCESS method=EndToEndFormTest.testValidLoginAndCompleteForm()[pri:1, instance:script.EndToEndFormTest@8f4ea7c] output={null}]]]>
              </value>
            </param>
          </params>
          <reporter-output>
          </reporter-output>
        </test-method> <!-- postCondition -->
        <test-method is-config="true" signature="generateReport()[pri:0, instance:script.EndToEndFormTest@8f4ea7c]" started-at="2025-06-01T12:56:07 IST" name="generateReport" finished-at="2025-06-01T12:56:08 IST" duration-ms="673" status="PASS">
          <reporter-output>
          </reporter-output>
        </test-method> <!-- generateReport -->
      </class> <!-- script.EndToEndFormTest -->
    </test> <!-- Default test -->
  </suite> <!-- Default suite -->
</testng-results>
